#
# There is insufficient memory for the Java Runtime Environment to continue.
# Native memory allocation (malloc) failed to allocate 1078416 bytes for Chunk::new
# Possible reasons:
#   The system is out of physical RAM or swap space
#   The process is running with CompressedOops enabled, and the Java Heap may be blocking the growth of the native heap
# Possible solutions:
#   Reduce memory load on the system
#   Increase physical memory or swap space
#   Check if swap backing store is full
#   Decrease Java heap size (-Xmx/-Xms)
#   Decrease number of Java threads
#   Decrease Java thread stack sizes (-Xss)
#   Set larger code cache with -XX:ReservedCodeCacheSize=
#   JVM is running with Unscaled Compressed Oops mode in which the Java heap is
#     placed in the first 4GB address space. The Java Heap base address is the
#     maximum limit for the native heap growth. Please use -XX:HeapBaseMinAddress
#     to set the Java Heap base and to place the Java Heap above 4GB virtual address.
# This output file may be truncated or incomplete.
#
#  Out of Memory Error (arena.cpp:189), pid=6584, tid=2436
#
# JRE version: OpenJDK Runtime Environment Temurin-17.0.6+10 (17.0.6+10) (build 17.0.6+10)
# Java VM: OpenJDK 64-Bit Server VM Temurin-17.0.6+10 (17.0.6+10, mixed mode, tiered, compressed oops, compressed class ptrs, parallel gc, windows-amd64)
# No core dump will be written. Minidumps are not enabled by default on client versions of Windows
#

---------------  S U M M A R Y ------------

Command Line: --add-modules=ALL-SYSTEM --add-opens=java.base/java.util=ALL-UNNAMED --add-opens=java.base/java.lang=ALL-UNNAMED --add-opens=java.base/sun.nio.fs=ALL-UNNAMED -Declipse.application=org.eclipse.jdt.ls.core.id1 -Dosgi.bundles.defaultStartLevel=4 -Declipse.product=org.eclipse.jdt.ls.core.product -Djava.import.generatesMetadataFilesAtProjectRoot=false -Dfile.encoding=utf8 -XX:+UseParallelGC -XX:GCTimeRatio=4 -XX:AdaptiveSizePolicyWeight=90 -Dsun.zip.disableMemoryMapping=true -Xmx1G -Xms100m -Xlog:disable -javaagent:c:\Users\hp\.vscode\extensions\redhat.java-1.15.0-win32-x64\lombok\lombok-1.18.24.jar -XX:+HeapDumpOnOutOfMemoryError -XX:HeapDumpPath=c:\Users\hp\AppData\Roaming\Code\User\workspaceStorage\c542dc967355575dcf38e6bee511a6e8\redhat.java c:\Users\hp\.vscode\extensions\redhat.java-1.15.0-win32-x64\server\plugins\org.eclipse.equinox.launcher_1.6.400.v20210924-0641.jar -configuration c:\Users\hp\AppData\Roaming\Code\User\globalStorage\redhat.java\1.15.0\config_win -data c:\Users\hp\AppData\Roaming\Code\User\workspaceStorage\c542dc967355575dcf38e6bee511a6e8\redhat.java\jdt_ws

Host: Intel(R) Core(TM) i5-6300U CPU @ 2.40GHz, 4 cores, 7G,  Windows 10 , 64 bit Build 19041 (10.0.19041.2546)
Time: Sun Mar 12 17:42:17 2023 Romance Standard Time elapsed time: 3789.885027 seconds (0d 1h 3m 9s)

---------------  T H R E A D  ---------------

Current thread (0x00000223fe27f960):  JavaThread "C2 CompilerThread0" daemon [_thread_in_native, id=2436, stack(0x000000cacba00000,0x000000cacbb00000)]


Current CompileTask:
C2:3789885 8892 % !   4       org.eclipse.jdt.internal.compiler.classfmt.ClassFileReader::<init> @ 63 (2113 bytes)

Stack: [0x000000cacba00000,0x000000cacbb00000]
Native frames: (J=compiled Java code, j=interpreted, Vv=VM code, C=native code)
V  [jvm.dll+0x67741a]
V  [jvm.dll+0x834434]
V  [jvm.dll+0x835bde]
V  [jvm.dll+0x836243]
V  [jvm.dll+0x2457b5]
V  [jvm.dll+0xabafc]
V  [jvm.dll+0xac0cc]
V  [jvm.dll+0x363492]
V  [jvm.dll+0x32dda1]
V  [jvm.dll+0x32d24a]
V  [jvm.dll+0x2185f1]
V  [jvm.dll+0x217a11]
V  [jvm.dll+0x1a3d0d]
V  [jvm.dll+0x22742a]
V  [jvm.dll+0x225565]
V  [jvm.dll+0x7ea2cb]
V  [jvm.dll+0x7e483a]
V  [jvm.dll+0x6762c5]
C  [ucrtbase.dll+0x21bb2]
C  [KERNEL32.DLL+0x17614]
C  [ntdll.dll+0x526a1]


---------------  P R O C E S S  ---------------

Threads class SMR info:
_java_thread_list=0x00000223858d73a0, length=29, elements={
0x00000223ec434780, 0x00000223fe24e730, 0x00000223fe250480, 0x00000223fe27b170,
0x00000223fe27db40, 0x00000223fe27e400, 0x00000223fe27ecc0, 0x00000223fe27f960,
0x00000223ffc14880, 0x00000223ffc17540, 0x00000223ffcb2db0, 0x00000223fff13110,
0x00000223826144c0, 0x00000223823451a0, 0x0000022382345670, 0x00000223ffc7a350,
0x00000223822445f0, 0x00000223833877c0, 0x0000022383371ed0, 0x0000022383371a00,
0x0000022383372870, 0x00000223833723a0, 0x00000223861d6d60, 0x00000223861d8f10,
0x00000223861d7230, 0x00000223861d63c0, 0x00000223861d98b0, 0x00000223861d3d40,
0x0000022385ba5ae0
}

Java Threads: ( => current thread )
  0x00000223ec434780 JavaThread "main" [_thread_blocked, id=7668, stack(0x000000cacb100000,0x000000cacb200000)]
  0x00000223fe24e730 JavaThread "Reference Handler" daemon [_thread_blocked, id=7712, stack(0x000000cacb400000,0x000000cacb500000)]
  0x00000223fe250480 JavaThread "Finalizer" daemon [_thread_blocked, id=9660, stack(0x000000cacb500000,0x000000cacb600000)]
  0x00000223fe27b170 JavaThread "Signal Dispatcher" daemon [_thread_blocked, id=1724, stack(0x000000cacb600000,0x000000cacb700000)]
  0x00000223fe27db40 JavaThread "Attach Listener" daemon [_thread_blocked, id=12080, stack(0x000000cacb700000,0x000000cacb800000)]
  0x00000223fe27e400 JavaThread "Service Thread" daemon [_thread_blocked, id=1100, stack(0x000000cacb800000,0x000000cacb900000)]
  0x00000223fe27ecc0 JavaThread "Monitor Deflation Thread" daemon [_thread_blocked, id=8596, stack(0x000000cacb900000,0x000000cacba00000)]
=>0x00000223fe27f960 JavaThread "C2 CompilerThread0" daemon [_thread_in_native, id=2436, stack(0x000000cacba00000,0x000000cacbb00000)]
  0x00000223ffc14880 JavaThread "C1 CompilerThread0" daemon [_thread_blocked, id=11708, stack(0x000000cacbb00000,0x000000cacbc00000)]
  0x00000223ffc17540 JavaThread "Sweeper thread" daemon [_thread_blocked, id=6476, stack(0x000000cacbc00000,0x000000cacbd00000)]
  0x00000223ffcb2db0 JavaThread "Common-Cleaner" daemon [_thread_blocked, id=10188, stack(0x000000cacbd00000,0x000000cacbe00000)]
  0x00000223fff13110 JavaThread "Notification Thread" daemon [_thread_blocked, id=2464, stack(0x000000cacbe00000,0x000000cacbf00000)]
  0x00000223826144c0 JavaThread "Active Thread: Equinox Container: 4eebbe65-e641-4a96-99bc-81be93e49d02" [_thread_blocked, id=12744, stack(0x000000cacc400000,0x000000cacc500000)]
  0x00000223823451a0 JavaThread "Framework Event Dispatcher: Equinox Container: 4eebbe65-e641-4a96-99bc-81be93e49d02" daemon [_thread_blocked, id=12676, stack(0x000000cacc300000,0x000000cacc400000)]
  0x0000022382345670 JavaThread "Start Level: Equinox Container: 4eebbe65-e641-4a96-99bc-81be93e49d02" daemon [_thread_blocked, id=9516, stack(0x000000cacc500000,0x000000cacc600000)]
  0x00000223ffc7a350 JavaThread "SCR Component Actor" daemon [_thread_blocked, id=12724, stack(0x000000cacc600000,0x000000cacc700000)]
  0x00000223822445f0 JavaThread "Bundle File Closer" daemon [_thread_blocked, id=9052, stack(0x000000cacc800000,0x000000cacc900000)]
  0x00000223833877c0 JavaThread "Worker-JM" [_thread_blocked, id=13024, stack(0x000000cacc900000,0x000000cacca00000)]
  0x0000022383371ed0 JavaThread "Worker-1" [_thread_blocked, id=8580, stack(0x000000caccb00000,0x000000caccc00000)]
  0x0000022383371a00 JavaThread "Java indexing" daemon [_thread_blocked, id=12384, stack(0x000000cacce00000,0x000000caccf00000)]
  0x0000022383372870 JavaThread "Worker-3" [_thread_blocked, id=13144, stack(0x000000caccf00000,0x000000cacd000000)]
  0x00000223833723a0 JavaThread "JNA Cleaner" daemon [_thread_blocked, id=2696, stack(0x000000caccd00000,0x000000cacce00000)]
  0x00000223861d6d60 JavaThread "pool-2-thread-1" [_thread_blocked, id=7776, stack(0x000000cacd300000,0x000000cacd400000)]
  0x00000223861d8f10 JavaThread "pool-1-thread-1" [_thread_in_native, id=10652, stack(0x000000cacd400000,0x000000cacd500000)]
  0x00000223861d7230 JavaThread "ForkJoinPool.commonPool-worker-7" daemon [_thread_blocked, id=13528, stack(0x000000cacc700000,0x000000cacc800000)]
  0x00000223861d63c0 JavaThread "ForkJoinPool.commonPool-worker-8" daemon [_thread_blocked, id=4100, stack(0x000000cacca00000,0x000000caccb00000)]
  0x00000223861d98b0 JavaThread "Worker-7" [_thread_blocked, id=14460, stack(0x000000cacb000000,0x000000cacb100000)]
  0x00000223861d3d40 JavaThread "Worker-8" [_thread_blocked, id=10132, stack(0x000000cacaf00000,0x000000cacb000000)]
  0x0000022385ba5ae0 JavaThread "C2 CompilerThread1" daemon [_thread_blocked, id=9256, stack(0x000000caccc00000,0x000000caccd00000)]

Other Threads:
  0x00000223fe237eb0 VMThread "VM Thread" [stack: 0x000000cacb300000,0x000000cacb400000] [id=876]
  0x00000223fffc20a0 WatcherThread [stack: 0x000000cacbf00000,0x000000cacc000000] [id=2280]
  0x00000223ec44ac30 GCTaskThread "GC Thread#0" [stack: 0x000000cacb200000,0x000000cacb300000] [id=7112]
  0x00000223823dd650 GCTaskThread "GC Thread#1" [stack: 0x000000cacc000000,0x000000cacc100000] [id=12632]
  0x000002238211f030 GCTaskThread "GC Thread#2" [stack: 0x000000cacc100000,0x000000cacc200000] [id=12636]
  0x000002238211f2e0 GCTaskThread "GC Thread#3" [stack: 0x000000cacc200000,0x000000cacc300000] [id=12640]

Threads with active compile tasks:
C2 CompilerThread0  3789926 8892 % !   4       org.eclipse.jdt.internal.compiler.classfmt.ClassFileReader::<init> @ 63 (2113 bytes)

VM state: not at safepoint (normal execution)

VM Mutex/Monitor currently owned by a thread: None

Heap address: 0x00000000c0000000, size: 1024 MB, Compressed Oops mode: 32-bit

CDS archive(s) not mapped
Compressed class space mapped at: 0x0000000100000000-0x0000000140000000, reserved size: 1073741824
Narrow klass base: 0x0000000000000000, Narrow klass shift: 3, Narrow klass range: 0x140000000

GC Precious Log:
 CPUs: 4 total, 4 available
 Memory: 8072M
 Large Page Support: Disabled
 NUMA Support: Disabled
 Compressed Oops: Enabled (32-bit)
 Alignments: Space 512K, Generation 512K, Heap 2M
 Heap Min Capacity: 100M
 Heap Initial Capacity: 100M
 Heap Max Capacity: 1G
 Pre-touch: Disabled
 Parallel Workers: 4

Heap:
 PSYoungGen      total 25600K, used 25254K [0x00000000eab00000, 0x00000000ecb00000, 0x0000000100000000)
  eden space 21504K, 99% used [0x00000000eab00000,0x00000000ebfec7e8,0x00000000ec000000)
  from space 4096K, 93% used [0x00000000ec000000,0x00000000ec3bd050,0x00000000ec400000)
  to   space 5632K, 0% used [0x00000000ec580000,0x00000000ec580000,0x00000000ecb00000)
 ParOldGen       total 117248K, used 74890K [0x00000000c0000000, 0x00000000c7280000, 0x00000000eab00000)
  object space 117248K, 63% used [0x00000000c0000000,0x00000000c4922be8,0x00000000c7280000)
 Metaspace       used 65476K, committed 66432K, reserved 1114112K
  class space    used 6784K, committed 7232K, reserved 1048576K

Card table byte_map: [0x00000223ebde0000,0x00000223ebff0000] _byte_map_base: 0x00000223eb7e0000

Marking Bits: (ParMarkBitMap*) 0x00007ffb9bb73e70
 Begin Bits: [0x0000022380000000, 0x0000022381000000)
 End Bits:   [0x0000022381000000, 0x0000022382000000)

Polling page: 0x00000223ea200000

Metaspace:

Usage:
  Non-class:     57.32 MB used.
      Class:      6.63 MB used.
       Both:     63.94 MB used.

Virtual space:
  Non-class space:       64.00 MB reserved,      57.81 MB ( 90%) committed,  8 nodes.
      Class space:        1.00 GB reserved,       7.06 MB ( <1%) committed,  1 nodes.
             Both:        1.06 GB reserved,      64.88 MB (  6%) committed. 

Chunk freelists:
   Non-Class:  1.72 MB
       Class:  936.00 KB
        Both:  2.63 MB

MaxMetaspaceSize: unlimited
CompressedClassSpaceSize: 1.00 GB
Initial GC threshold: 21.00 MB
Current GC threshold: 106.38 MB
CDS: off
MetaspaceReclaimPolicy: balanced
 - commit_granule_bytes: 65536.
 - commit_granule_words: 8192.
 - virtual_space_node_default_size: 1048576.
 - enlarge_chunks_in_place: 1.
 - new_chunks_are_fully_committed: 0.
 - uncommit_free_chunks: 1.
 - use_allocation_guard: 0.
 - handle_deallocations: 1.


Internal statistics:

num_allocs_failed_limit: 9.
num_arena_births: 540.
num_arena_deaths: 94.
num_vsnodes_births: 9.
num_vsnodes_deaths: 0.
num_space_committed: 1038.
num_space_uncommitted: 0.
num_chunks_returned_to_freelist: 119.
num_chunks_taken_from_freelist: 3182.
num_chunk_merges: 40.
num_chunk_splits: 1981.
num_chunks_enlarged: 1189.
num_purges: 4.
num_inconsistent_stats: 0.

CodeHeap 'non-profiled nmethods': size=120000Kb used=4885Kb max_used=4885Kb free=115114Kb
 bounds [0x00000223f6b90000, 0x00000223f7060000, 0x00000223fe0c0000]
CodeHeap 'profiled nmethods': size=120000Kb used=17377Kb max_used=17377Kb free=102622Kb
 bounds [0x00000223ef0c0000, 0x00000223f01c0000, 0x00000223f65f0000]
CodeHeap 'non-nmethods': size=5760Kb used=1357Kb max_used=1466Kb free=4403Kb
 bounds [0x00000223f65f0000, 0x00000223f6860000, 0x00000223f6b90000]
 total_blobs=8360 nmethods=7656 adapters=615
 compilation: enabled
              stopped_count=0, restarted_count=0
 full_count=0

Compilation events (20 events):
Event: 3789.820 Thread 0x00000223ffc14880 nmethod 8915 0x00000223f01a7e90 code [0x00000223f01a8060, 0x00000223f01a8328]
Event: 3789.820 Thread 0x00000223ffc14880 8916       3       org.eclipse.jdt.core.dom.QualifiedName::setName (41 bytes)
Event: 3789.820 Thread 0x0000022385ba5ae0 nmethod 8895 0x00000223f7052010 code [0x00000223f7052200, 0x00000223f7052db8]
Event: 3789.820 Thread 0x0000022385ba5ae0 8897       4       org.eclipse.jdt.internal.compiler.lookup.PackageBinding::<init> (101 bytes)
Event: 3789.820 Thread 0x00000223ffc14880 nmethod 8916 0x00000223f01a8490 code [0x00000223f01a8660, 0x00000223f01a8928]
Event: 3789.821 Thread 0x00000223ffc14880 8917       3       org.eclipse.jdt.core.dom.ASTConverter::convertType (2877 bytes)
Event: 3789.826 Thread 0x0000022385ba5ae0 nmethod 8897 0x00000223f7053490 code [0x00000223f7053640, 0x00000223f7053a58]
Event: 3789.826 Thread 0x0000022385ba5ae0 8906       4       org.eclipse.jdt.internal.compiler.classfmt.MethodInfo::getMethodDescriptor (46 bytes)
Event: 3789.833 Thread 0x0000022385ba5ae0 nmethod 8906 0x00000223f7053d10 code [0x00000223f7053ea0, 0x00000223f7054338]
Event: 3789.833 Thread 0x0000022385ba5ae0 8904       4       java.util.Spliterators$ArraySpliterator::estimateSize (11 bytes)
Event: 3789.834 Thread 0x0000022385ba5ae0 nmethod 8904 0x00000223f7054690 code [0x00000223f7054800, 0x00000223f7054878]
Event: 3789.834 Thread 0x0000022385ba5ae0 8919       4       org.eclipse.jdt.core.dom.DefaultCommentMapper::getLineNumber (54 bytes)
Event: 3789.835 Thread 0x00000223ffc14880 nmethod 8917 0x00000223f01a8a90 code [0x00000223f01a9a00, 0x00000223f01b3518]
Event: 3789.835 Thread 0x00000223ffc14880 8918       3       org.eclipse.jdt.core.dom.AnnotatableType::getAnnotationsProperty (5 bytes)
Event: 3789.835 Thread 0x00000223ffc14880 nmethod 8918 0x00000223f01b7d90 code [0x00000223f01b7f40, 0x00000223f01b8108]
Event: 3789.835 Thread 0x00000223ffc14880 8920       3       java.lang.invoke.VarHandleGuards::guard_LII_Z (86 bytes)
Event: 3789.837 Thread 0x00000223ffc14880 nmethod 8920 0x00000223f01b8190 code [0x00000223f01b84c0, 0x00000223f01b9f88]
Event: 3789.838 Thread 0x0000022385ba5ae0 nmethod 8919 0x00000223f7054c90 code [0x00000223f7054e20, 0x00000223f7055078]
Event: 3789.841 Thread 0x00000223ffc14880 8922       3       java.lang.invoke.VarHandleInts$FieldInstanceReadWrite::compareAndSet (32 bytes)
Event: 3789.841 Thread 0x00000223ffc14880 nmethod 8922 0x00000223f01ba810 code [0x00000223f01baa00, 0x00000223f01bafa8]

GC Heap History (20 events):
Event: 3604.602 GC heap before
{Heap before GC invocations=33 (full 3):
 PSYoungGen      total 22528K, used 22369K [0x00000000eab00000, 0x00000000ec300000, 0x0000000100000000)
  eden space 22016K, 99% used [0x00000000eab00000,0x00000000ec05c4e0,0x00000000ec080000)
  from space 512K, 96% used [0x00000000ec080000,0x00000000ec0fc010,0x00000000ec100000)
  to   space 1024K, 0% used [0x00000000ec200000,0x00000000ec200000,0x00000000ec300000)
 ParOldGen       total 68608K, used 33351K [0x00000000c0000000, 0x00000000c4300000, 0x00000000eab00000)
  object space 68608K, 48% used [0x00000000c0000000,0x00000000c2091d40,0x00000000c4300000)
 Metaspace       used 60488K, committed 61376K, reserved 1105920K
  class space    used 6340K, committed 6720K, reserved 1048576K
}
Event: 3604.604 GC heap after
{Heap after GC invocations=33 (full 3):
 PSYoungGen      total 22528K, used 160K [0x00000000eab00000, 0x00000000ec280000, 0x0000000100000000)
  eden space 22016K, 0% used [0x00000000eab00000,0x00000000eab00000,0x00000000ec080000)
  from space 512K, 31% used [0x00000000ec200000,0x00000000ec228000,0x00000000ec280000)
  to   space 512K, 0% used [0x00000000ec080000,0x00000000ec080000,0x00000000ec100000)
 ParOldGen       total 68608K, used 33789K [0x00000000c0000000, 0x00000000c4300000, 0x00000000eab00000)
  object space 68608K, 49% used [0x00000000c0000000,0x00000000c20ff7b8,0x00000000c4300000)
 Metaspace       used 60488K, committed 61376K, reserved 1105920K
  class space    used 6340K, committed 6720K, reserved 1048576K
}
Event: 3605.035 GC heap before
{Heap before GC invocations=34 (full 3):
 PSYoungGen      total 22528K, used 22176K [0x00000000eab00000, 0x00000000ec280000, 0x0000000100000000)
  eden space 22016K, 100% used [0x00000000eab00000,0x00000000ec080000,0x00000000ec080000)
  from space 512K, 31% used [0x00000000ec200000,0x00000000ec228000,0x00000000ec280000)
  to   space 512K, 0% used [0x00000000ec080000,0x00000000ec080000,0x00000000ec100000)
 ParOldGen       total 68608K, used 33789K [0x00000000c0000000, 0x00000000c4300000, 0x00000000eab00000)
  object space 68608K, 49% used [0x00000000c0000000,0x00000000c20ff7b8,0x00000000c4300000)
 Metaspace       used 61546K, committed 62464K, reserved 1105920K
  class space    used 6421K, committed 6848K, reserved 1048576K
}
Event: 3605.038 GC heap after
{Heap after GC invocations=34 (full 3):
 PSYoungGen      total 22528K, used 508K [0x00000000eab00000, 0x00000000ec880000, 0x0000000100000000)
  eden space 22016K, 0% used [0x00000000eab00000,0x00000000eab00000,0x00000000ec080000)
  from space 512K, 99% used [0x00000000ec080000,0x00000000ec0ff108,0x00000000ec100000)
  to   space 4096K, 0% used [0x00000000ec480000,0x00000000ec480000,0x00000000ec880000)
 ParOldGen       total 68608K, used 36650K [0x00000000c0000000, 0x00000000c4300000, 0x00000000eab00000)
  object space 68608K, 53% used [0x00000000c0000000,0x00000000c23caa00,0x00000000c4300000)
 Metaspace       used 61546K, committed 62464K, reserved 1105920K
  class space    used 6421K, committed 6848K, reserved 1048576K
}
Event: 3605.918 GC heap before
{Heap before GC invocations=35 (full 3):
 PSYoungGen      total 22528K, used 22440K [0x00000000eab00000, 0x00000000ec880000, 0x0000000100000000)
  eden space 22016K, 99% used [0x00000000eab00000,0x00000000ec06b0c8,0x00000000ec080000)
  from space 512K, 99% used [0x00000000ec080000,0x00000000ec0ff108,0x00000000ec100000)
  to   space 4096K, 0% used [0x00000000ec480000,0x00000000ec480000,0x00000000ec880000)
 ParOldGen       total 68608K, used 36650K [0x00000000c0000000, 0x00000000c4300000, 0x00000000eab00000)
  object space 68608K, 53% used [0x00000000c0000000,0x00000000c23caa00,0x00000000c4300000)
 Metaspace       used 62892K, committed 63872K, reserved 1114112K
  class space    used 6521K, committed 6976K, reserved 1048576K
}
Event: 3605.923 GC heap after
{Heap after GC invocations=35 (full 3):
 PSYoungGen      total 24064K, used 2039K [0x00000000eab00000, 0x00000000ec680000, 0x0000000100000000)
  eden space 22016K, 0% used [0x00000000eab00000,0x00000000eab00000,0x00000000ec080000)
  from space 2048K, 99% used [0x00000000ec480000,0x00000000ec67df38,0x00000000ec680000)
  to   space 2560K, 0% used [0x00000000ec180000,0x00000000ec180000,0x00000000ec400000)
 ParOldGen       total 68608K, used 37043K [0x00000000c0000000, 0x00000000c4300000, 0x00000000eab00000)
  object space 68608K, 53% used [0x00000000c0000000,0x00000000c242cc70,0x00000000c4300000)
 Metaspace       used 62892K, committed 63872K, reserved 1114112K
  class space    used 6521K, committed 6976K, reserved 1048576K
}
Event: 3606.450 GC heap before
{Heap before GC invocations=36 (full 3):
 PSYoungGen      total 24064K, used 23803K [0x00000000eab00000, 0x00000000ec680000, 0x0000000100000000)
  eden space 22016K, 98% used [0x00000000eab00000,0x00000000ec040fe8,0x00000000ec080000)
  from space 2048K, 99% used [0x00000000ec480000,0x00000000ec67df38,0x00000000ec680000)
  to   space 2560K, 0% used [0x00000000ec180000,0x00000000ec180000,0x00000000ec400000)
 ParOldGen       total 68608K, used 37043K [0x00000000c0000000, 0x00000000c4300000, 0x00000000eab00000)
  object space 68608K, 53% used [0x00000000c0000000,0x00000000c242cc70,0x00000000c4300000)
 Metaspace       used 63698K, committed 64704K, reserved 1114112K
  class space    used 6619K, committed 7040K, reserved 1048576K
}
Event: 3606.459 GC heap after
{Heap after GC invocations=36 (full 3):
 PSYoungGen      total 24064K, used 1801K [0x00000000eab00000, 0x00000000ec500000, 0x0000000100000000)
  eden space 22016K, 0% used [0x00000000eab00000,0x00000000eab00000,0x00000000ec080000)
  from space 2048K, 87% used [0x00000000ec180000,0x00000000ec342780,0x00000000ec380000)
  to   space 1536K, 0% used [0x00000000ec380000,0x00000000ec380000,0x00000000ec500000)
 ParOldGen       total 68608K, used 47937K [0x00000000c0000000, 0x00000000c4300000, 0x00000000eab00000)
  object space 68608K, 69% used [0x00000000c0000000,0x00000000c2ed04a8,0x00000000c4300000)
 Metaspace       used 63698K, committed 64704K, reserved 1114112K
  class space    used 6619K, committed 7040K, reserved 1048576K
}
Event: 3606.785 GC heap before
{Heap before GC invocations=37 (full 4):
 PSYoungGen      total 24064K, used 23817K [0x00000000eab00000, 0x00000000ec500000, 0x0000000100000000)
  eden space 22016K, 100% used [0x00000000eab00000,0x00000000ec080000,0x00000000ec080000)
  from space 2048K, 87% used [0x00000000ec180000,0x00000000ec342780,0x00000000ec380000)
  to   space 1536K, 0% used [0x00000000ec380000,0x00000000ec380000,0x00000000ec500000)
 ParOldGen       total 79872K, used 74266K [0x00000000c0000000, 0x00000000c4e00000, 0x00000000eab00000)
  object space 79872K, 92% used [0x00000000c0000000,0x00000000c4886a58,0x00000000c4e00000)
 Metaspace       used 63732K, committed 64768K, reserved 1114112K
  class space    used 6621K, committed 7040K, reserved 1048576K
}
Event: 3606.861 GC heap after
{Heap after GC invocations=37 (full 4):
 PSYoungGen      total 23040K, used 0K [0x00000000eab00000, 0x00000000ec480000, 0x0000000100000000)
  eden space 22016K, 0% used [0x00000000eab00000,0x00000000eab00000,0x00000000ec080000)
  from space 1024K, 0% used [0x00000000ec380000,0x00000000ec380000,0x00000000ec480000)
  to   space 2048K, 0% used [0x00000000ec080000,0x00000000ec080000,0x00000000ec280000)
 ParOldGen       total 88576K, used 50279K [0x00000000c0000000, 0x00000000c5680000, 0x00000000eab00000)
  object space 88576K, 56% used [0x00000000c0000000,0x00000000c3119ec8,0x00000000c5680000)
 Metaspace       used 63732K, committed 64768K, reserved 1114112K
  class space    used 6621K, committed 7040K, reserved 1048576K
}
Event: 3607.039 GC heap before
{Heap before GC invocations=38 (full 4):
 PSYoungGen      total 23040K, used 22016K [0x00000000eab00000, 0x00000000ec480000, 0x0000000100000000)
  eden space 22016K, 100% used [0x00000000eab00000,0x00000000ec080000,0x00000000ec080000)
  from space 1024K, 0% used [0x00000000ec380000,0x00000000ec380000,0x00000000ec480000)
  to   space 2048K, 0% used [0x00000000ec080000,0x00000000ec080000,0x00000000ec280000)
 ParOldGen       total 88576K, used 50279K [0x00000000c0000000, 0x00000000c5680000, 0x00000000eab00000)
  object space 88576K, 56% used [0x00000000c0000000,0x00000000c3119ec8,0x00000000c5680000)
 Metaspace       used 63732K, committed 64768K, reserved 1114112K
  class space    used 6621K, committed 7040K, reserved 1048576K
}
Event: 3607.056 GC heap after
{Heap after GC invocations=38 (full 4):
 PSYoungGen      total 23552K, used 2048K [0x00000000eab00000, 0x00000000ee300000, 0x0000000100000000)
  eden space 21504K, 0% used [0x00000000eab00000,0x00000000eab00000,0x00000000ec000000)
  from space 2048K, 100% used [0x00000000ec080000,0x00000000ec280000,0x00000000ec280000)
  to   space 17920K, 0% used [0x00000000ed180000,0x00000000ed180000,0x00000000ee300000)
 ParOldGen       total 88576K, used 63775K [0x00000000c0000000, 0x00000000c5680000, 0x00000000eab00000)
  object space 88576K, 72% used [0x00000000c0000000,0x00000000c3e47ec8,0x00000000c5680000)
 Metaspace       used 63732K, committed 64768K, reserved 1114112K
  class space    used 6621K, committed 7040K, reserved 1048576K
}
Event: 3607.215 GC heap before
{Heap before GC invocations=39 (full 4):
 PSYoungGen      total 23552K, used 23552K [0x00000000eab00000, 0x00000000ee300000, 0x0000000100000000)
  eden space 21504K, 100% used [0x00000000eab00000,0x00000000ec000000,0x00000000ec000000)
  from space 2048K, 100% used [0x00000000ec080000,0x00000000ec280000,0x00000000ec280000)
  to   space 17920K, 0% used [0x00000000ed180000,0x00000000ed180000,0x00000000ee300000)
 ParOldGen       total 88576K, used 63775K [0x00000000c0000000, 0x00000000c5680000, 0x00000000eab00000)
  object space 88576K, 72% used [0x00000000c0000000,0x00000000c3e47ec8,0x00000000c5680000)
 Metaspace       used 63732K, committed 64768K, reserved 1114112K
  class space    used 6621K, committed 7040K, reserved 1048576K
}
Event: 3607.232 GC heap after
{Heap after GC invocations=39 (full 4):
 PSYoungGen      total 36864K, used 15200K [0x00000000eab00000, 0x00000000ee080000, 0x0000000100000000)
  eden space 21504K, 0% used [0x00000000eab00000,0x00000000eab00000,0x00000000ec000000)
  from space 15360K, 98% used [0x00000000ed180000,0x00000000ee058000,0x00000000ee080000)
  to   space 15872K, 0% used [0x00000000ec180000,0x00000000ec180000,0x00000000ed100000)
 ParOldGen       total 88576K, used 65847K [0x00000000c0000000, 0x00000000c5680000, 0x00000000eab00000)
  object space 88576K, 74% used [0x00000000c0000000,0x00000000c404dec8,0x00000000c5680000)
 Metaspace       used 63732K, committed 64768K, reserved 1114112K
  class space    used 6621K, committed 7040K, reserved 1048576K
}
Event: 3643.881 GC heap before
{Heap before GC invocations=40 (full 4):
 PSYoungGen      total 36864K, used 36704K [0x00000000eab00000, 0x00000000ee080000, 0x0000000100000000)
  eden space 21504K, 100% used [0x00000000eab00000,0x00000000ec000000,0x00000000ec000000)
  from space 15360K, 98% used [0x00000000ed180000,0x00000000ee058000,0x00000000ee080000)
  to   space 15872K, 0% used [0x00000000ec180000,0x00000000ec180000,0x00000000ed100000)
 ParOldGen       total 88576K, used 65847K [0x00000000c0000000, 0x00000000c5680000, 0x00000000eab00000)
  object space 88576K, 74% used [0x00000000c0000000,0x00000000c404dec8,0x00000000c5680000)
 Metaspace       used 64323K, committed 65344K, reserved 1114112K
  class space    used 6704K, committed 7168K, reserved 1048576K
}
Event: 3643.901 GC heap after
{Heap after GC invocations=40 (full 4):
 PSYoungGen      total 28160K, used 6483K [0x00000000eab00000, 0x00000000ed400000, 0x0000000100000000)
  eden space 21504K, 0% used [0x00000000eab00000,0x00000000eab00000,0x00000000ec000000)
  from space 6656K, 97% used [0x00000000ec180000,0x00000000ec7d4f80,0x00000000ec800000)
  to   space 10240K, 0% used [0x00000000eca00000,0x00000000eca00000,0x00000000ed400000)
 ParOldGen       total 88576K, used 80999K [0x00000000c0000000, 0x00000000c5680000, 0x00000000eab00000)
  object space 88576K, 91% used [0x00000000c0000000,0x00000000c4f19ec8,0x00000000c5680000)
 Metaspace       used 64323K, committed 65344K, reserved 1114112K
  class space    used 6704K, committed 7168K, reserved 1048576K
}
Event: 3643.901 GC heap before
{Heap before GC invocations=41 (full 5):
 PSYoungGen      total 28160K, used 6483K [0x00000000eab00000, 0x00000000ed400000, 0x0000000100000000)
  eden space 21504K, 0% used [0x00000000eab00000,0x00000000eab00000,0x00000000ec000000)
  from space 6656K, 97% used [0x00000000ec180000,0x00000000ec7d4f80,0x00000000ec800000)
  to   space 10240K, 0% used [0x00000000eca00000,0x00000000eca00000,0x00000000ed400000)
 ParOldGen       total 88576K, used 80999K [0x00000000c0000000, 0x00000000c5680000, 0x00000000eab00000)
  object space 88576K, 91% used [0x00000000c0000000,0x00000000c4f19ec8,0x00000000c5680000)
 Metaspace       used 64323K, committed 65344K, reserved 1114112K
  class space    used 6704K, committed 7168K, reserved 1048576K
}
Event: 3644.035 GC heap after
{Heap after GC invocations=41 (full 5):
 PSYoungGen      total 31744K, used 0K [0x00000000eab00000, 0x00000000ed400000, 0x0000000100000000)
  eden space 21504K, 0% used [0x00000000eab00000,0x00000000eab00000,0x00000000ec000000)
  from space 10240K, 0% used [0x00000000eca00000,0x00000000eca00000,0x00000000ed400000)
  to   space 10240K, 0% used [0x00000000ec000000,0x00000000ec000000,0x00000000eca00000)
 ParOldGen       total 117248K, used 74882K [0x00000000c0000000, 0x00000000c7280000, 0x00000000eab00000)
  object space 117248K, 63% used [0x00000000c0000000,0x00000000c4920be8,0x00000000c7280000)
 Metaspace       used 64323K, committed 65344K, reserved 1114112K
  class space    used 6704K, committed 7168K, reserved 1048576K
}
Event: 3751.467 GC heap before
{Heap before GC invocations=42 (full 5):
 PSYoungGen      total 31744K, used 21504K [0x00000000eab00000, 0x00000000ed400000, 0x0000000100000000)
  eden space 21504K, 100% used [0x00000000eab00000,0x00000000ec000000,0x00000000ec000000)
  from space 10240K, 0% used [0x00000000eca00000,0x00000000eca00000,0x00000000ed400000)
  to   space 10240K, 0% used [0x00000000ec000000,0x00000000ec000000,0x00000000eca00000)
 ParOldGen       total 117248K, used 74882K [0x00000000c0000000, 0x00000000c7280000, 0x00000000eab00000)
  object space 117248K, 63% used [0x00000000c0000000,0x00000000c4920be8,0x00000000c7280000)
 Metaspace       used 65131K, committed 66176K, reserved 1114112K
  class space    used 6782K, committed 7232K, reserved 1048576K
}
Event: 3751.472 GC heap after
{Heap after GC invocations=42 (full 5):
 PSYoungGen      total 25600K, used 3828K [0x00000000eab00000, 0x00000000ecb00000, 0x0000000100000000)
  eden space 21504K, 0% used [0x00000000eab00000,0x00000000eab00000,0x00000000ec000000)
  from space 4096K, 93% used [0x00000000ec000000,0x00000000ec3bd050,0x00000000ec400000)
  to   space 5632K, 0% used [0x00000000ec580000,0x00000000ec580000,0x00000000ecb00000)
 ParOldGen       total 117248K, used 74890K [0x00000000c0000000, 0x00000000c7280000, 0x00000000eab00000)
  object space 117248K, 63% used [0x00000000c0000000,0x00000000c4922be8,0x00000000c7280000)
 Metaspace       used 65131K, committed 66176K, reserved 1114112K
  class space    used 6782K, committed 7232K, reserved 1048576K
}

Dll operation events (11 events):
Event: 0.014 Loaded shared library c:\Users\hp\.vscode\extensions\redhat.java-1.15.0-win32-x64\jre\17.0.6-win32-x86_64\bin\java.dll
Event: 0.447 Loaded shared library c:\Users\hp\.vscode\extensions\redhat.java-1.15.0-win32-x64\jre\17.0.6-win32-x86_64\bin\zip.dll
Event: 0.451 Loaded shared library C:\Users\hp\.vscode\extensions\redhat.java-1.15.0-win32-x64\jre\17.0.6-win32-x86_64\bin\instrument.dll
Event: 0.482 Loaded shared library C:\Users\hp\.vscode\extensions\redhat.java-1.15.0-win32-x64\jre\17.0.6-win32-x86_64\bin\net.dll
Event: 0.484 Loaded shared library C:\Users\hp\.vscode\extensions\redhat.java-1.15.0-win32-x64\jre\17.0.6-win32-x86_64\bin\nio.dll
Event: 0.494 Loaded shared library C:\Users\hp\.vscode\extensions\redhat.java-1.15.0-win32-x64\jre\17.0.6-win32-x86_64\bin\zip.dll
Event: 0.541 Loaded shared library C:\Users\hp\.vscode\extensions\redhat.java-1.15.0-win32-x64\jre\17.0.6-win32-x86_64\bin\jimage.dll
Event: 440.075 Loaded shared library c:\Users\hp\.vscode\extensions\redhat.java-1.15.0-win32-x64\jre\17.0.6-win32-x86_64\bin\verify.dll
Event: 451.223 Loaded shared library C:\Users\hp\AppData\Roaming\Code\User\globalStorage\redhat.java\1.15.0\config_win\org.eclipse.equinox.launcher\org.eclipse.equinox.launcher.win32.win32.x86_64_1.2.700.v20221108-1024\eclipse_11801.dll
Event: 461.839 Loaded shared library C:\Users\hp\AppData\Local\Temp\jna-3336\jna12413917162646497810.dll
Event: 3605.976 Loaded shared library C:\Users\hp\.vscode\extensions\redhat.java-1.15.0-win32-x64\jre\17.0.6-win32-x86_64\bin\sunmscapi.dll

Deoptimization events (20 events):
Event: 3782.649 Thread 0x00000223861d7230 DEOPT PACKING pc=0x00000223efda8728 sp=0x000000cacc7fd470
Event: 3782.649 Thread 0x00000223861d7230 DEOPT UNPACKING pc=0x00000223f6646e43 sp=0x000000cacc7fc998 mode 0
Event: 3782.696 Thread 0x0000022383371ed0 DEOPT PACKING pc=0x00000223ef576bff sp=0x000000caccbfe270
Event: 3782.696 Thread 0x0000022383371ed0 DEOPT UNPACKING pc=0x00000223f6646e43 sp=0x000000caccbfd6a8 mode 0
Event: 3782.701 Thread 0x0000022383371ed0 Uncommon trap: trap_request=0xffffff45 fr.pc=0x00000223f6e47524 relative=0x00000000000001a4
Event: 3782.701 Thread 0x0000022383371ed0 Uncommon trap: reason=unstable_if action=reinterpret pc=0x00000223f6e47524 method=java.util.Arrays.equals([C[C)Z @ 8 c2
Event: 3782.701 Thread 0x0000022383371ed0 DEOPT PACKING pc=0x00000223f6e47524 sp=0x000000caccbfda40
Event: 3782.701 Thread 0x0000022383371ed0 DEOPT UNPACKING pc=0x00000223f66466a3 sp=0x000000caccbfd9f8 mode 2
Event: 3782.709 Thread 0x00000223861d7230 Uncommon trap: trap_request=0xffffff45 fr.pc=0x00000223f6fb5294 relative=0x0000000000000094
Event: 3782.709 Thread 0x00000223861d7230 Uncommon trap: reason=unstable_if action=reinterpret pc=0x00000223f6fb5294 method=org.eclipse.jdt.internal.compiler.codegen.ConstantPool.writeU1(I)V @ 11 c2
Event: 3782.709 Thread 0x00000223861d7230 DEOPT PACKING pc=0x00000223f6fb5294 sp=0x000000cacc7fdcc0
Event: 3782.709 Thread 0x00000223861d7230 DEOPT UNPACKING pc=0x00000223f66466a3 sp=0x000000cacc7fdc48 mode 2
Event: 3789.634 Thread 0x00000223861d33a0 Uncommon trap: trap_request=0xffffff45 fr.pc=0x00000223f6fd04f0 relative=0x000000000000a4d0
Event: 3789.634 Thread 0x00000223861d33a0 Uncommon trap: reason=unstable_if action=reinterpret pc=0x00000223f6fd04f0 method=org.eclipse.jdt.internal.compiler.classfmt.MethodInfo.decodeCodeAttribute(I)V @ 111 c2
Event: 3789.634 Thread 0x00000223861d33a0 DEOPT PACKING pc=0x00000223f6fd04f0 sp=0x000000cacccfeb70
Event: 3789.634 Thread 0x00000223861d33a0 DEOPT UNPACKING pc=0x00000223f66466a3 sp=0x000000cacccfe9c8 mode 2
Event: 3789.700 Thread 0x00000223861d7230 DEOPT PACKING pc=0x00000223efd95a37 sp=0x000000cacc7fd840
Event: 3789.700 Thread 0x00000223861d7230 DEOPT UNPACKING pc=0x00000223f6646e43 sp=0x000000cacc7fcd60 mode 0
Event: 3789.765 Thread 0x00000223861d7230 DEOPT PACKING pc=0x00000223efd7c5c4 sp=0x000000cacc7fde30
Event: 3789.765 Thread 0x00000223861d7230 DEOPT UNPACKING pc=0x00000223f6646e43 sp=0x000000cacc7fd270 mode 0

Classes unloaded (20 events):
Event: 2747.646 Thread 0x00000223fe237eb0 Unloading class 0x0000000100335000 'java/lang/invoke/LambdaForm$MH+0x0000000100335000'
Event: 2747.646 Thread 0x00000223fe237eb0 Unloading class 0x0000000100294800 'jdk/internal/reflect/GeneratedConstructorAccessor5'
Event: 2747.646 Thread 0x00000223fe237eb0 Unloading class 0x0000000100288c00 'jdk/internal/reflect/GeneratedSerializationConstructorAccessor3'
Event: 2747.646 Thread 0x00000223fe237eb0 Unloading class 0x0000000100288800 'jdk/internal/reflect/GeneratedSerializationConstructorAccessor2'
Event: 2747.646 Thread 0x00000223fe237eb0 Unloading class 0x0000000100288400 'jdk/internal/reflect/GeneratedSerializationConstructorAccessor1'
Event: 2747.646 Thread 0x00000223fe237eb0 Unloading class 0x000000010021b800 'java/lang/invoke/LambdaForm$MH+0x000000010021b800'
Event: 2747.646 Thread 0x00000223fe237eb0 Unloading class 0x00000001001d3000 'jdk/internal/reflect/GeneratedConstructorAccessor4'
Event: 2747.646 Thread 0x00000223fe237eb0 Unloading class 0x00000001001a2800 'java/lang/invoke/LambdaForm$MH+0x00000001001a2800'
Event: 2747.647 Thread 0x00000223fe237eb0 Unloading class 0x00000001001a2000 'java/lang/invoke/LambdaForm$MH+0x00000001001a2000'
Event: 2747.647 Thread 0x00000223fe237eb0 Unloading class 0x00000001001a1c00 'java/lang/invoke/LambdaForm$MH+0x00000001001a1c00'
Event: 2747.647 Thread 0x00000223fe237eb0 Unloading class 0x00000001001a1800 'java/lang/invoke/LambdaForm$MH+0x00000001001a1800'
Event: 2747.647 Thread 0x00000223fe237eb0 Unloading class 0x00000001001a1000 'java/lang/invoke/LambdaForm$MH+0x00000001001a1000'
Event: 2747.647 Thread 0x00000223fe237eb0 Unloading class 0x00000001001a0c00 'java/lang/invoke/LambdaForm$MH+0x00000001001a0c00'
Event: 2747.647 Thread 0x00000223fe237eb0 Unloading class 0x00000001001a0800 'java/lang/invoke/LambdaForm$MH+0x00000001001a0800'
Event: 2747.647 Thread 0x00000223fe237eb0 Unloading class 0x00000001001a0000 'java/lang/invoke/LambdaForm$MH+0x00000001001a0000'
Event: 2747.647 Thread 0x00000223fe237eb0 Unloading class 0x0000000100129000 'jdk/internal/reflect/GeneratedMethodAccessor5'
Event: 2747.647 Thread 0x00000223fe237eb0 Unloading class 0x0000000100128c00 'jdk/internal/reflect/GeneratedMethodAccessor4'
Event: 2747.647 Thread 0x00000223fe237eb0 Unloading class 0x0000000100128800 'jdk/internal/reflect/GeneratedMethodAccessor3'
Event: 2747.647 Thread 0x00000223fe237eb0 Unloading class 0x0000000100128400 'jdk/internal/reflect/GeneratedMethodAccessor2'
Event: 2747.647 Thread 0x00000223fe237eb0 Unloading class 0x0000000100128000 'jdk/internal/reflect/GeneratedMethodAccessor1'

Classes redefined (0 events):
No events

Internal exceptions (20 events):
Event: 3783.079 Thread 0x0000022383371a00 Exception <a 'java/lang/NullPointerException'{0x00000000eb4c42f8}> (0x00000000eb4c42f8) 
thrown [s\src\hotspot\share\interpreter\linkResolver.cpp, line 1350]
Event: 3783.092 Thread 0x0000022383371a00 Exception <a 'java/lang/NullPointerException'{0x00000000eb4e95a8}> (0x00000000eb4e95a8) 
thrown [s\src\hotspot\share\interpreter\linkResolver.cpp, line 1350]
Event: 3783.092 Thread 0x0000022383371a00 Exception <a 'java/lang/NullPointerException'{0x00000000eb4e9a50}> (0x00000000eb4e9a50) 
thrown [s\src\hotspot\share\interpreter\linkResolver.cpp, line 1350]
Event: 3783.092 Thread 0x0000022383371a00 Exception <a 'java/lang/NullPointerException'{0x00000000eb4ea660}> (0x00000000eb4ea660) 
thrown [s\src\hotspot\share\interpreter\linkResolver.cpp, line 1350]
Event: 3783.092 Thread 0x0000022383371a00 Exception <a 'java/lang/NullPointerException'{0x00000000eb4eb2a8}> (0x00000000eb4eb2a8) 
thrown [s\src\hotspot\share\interpreter\linkResolver.cpp, line 1350]
Event: 3783.093 Thread 0x0000022383371a00 Exception <a 'java/lang/NullPointerException'{0x00000000eb4ebaa8}> (0x00000000eb4ebaa8) 
thrown [s\src\hotspot\share\interpreter\linkResolver.cpp, line 1350]
Event: 3783.093 Thread 0x0000022383371a00 Exception <a 'java/lang/NullPointerException'{0x00000000eb4ebf88}> (0x00000000eb4ebf88) 
thrown [s\src\hotspot\share\interpreter\linkResolver.cpp, line 1350]
Event: 3783.093 Thread 0x0000022383371a00 Exception <a 'java/lang/NullPointerException'{0x00000000eb4ec548}> (0x00000000eb4ec548) 
thrown [s\src\hotspot\share\interpreter\linkResolver.cpp, line 1350]
Event: 3786.460 Thread 0x0000022383371a00 Exception <a 'sun/nio/fs/WindowsException'{0x00000000eb57d9d8}> (0x00000000eb57d9d8) 
thrown [s\src\hotspot\share\prims\jni.cpp, line 516]
Event: 3786.467 Thread 0x0000022383371a00 Exception <a 'sun/nio/fs/WindowsException'{0x00000000eb58a920}> (0x00000000eb58a920) 
thrown [s\src\hotspot\share\prims\jni.cpp, line 516]
Event: 3789.433 Thread 0x0000022383371a00 Exception <a 'sun/nio/fs/WindowsException'{0x00000000eb8bfa48}> (0x00000000eb8bfa48) 
thrown [s\src\hotspot\share\prims\jni.cpp, line 516]
Event: 3789.437 Thread 0x0000022383371a00 Exception <a 'sun/nio/fs/WindowsException'{0x00000000eb8d83c0}> (0x00000000eb8d83c0) 
thrown [s\src\hotspot\share\prims\jni.cpp, line 516]
Event: 3789.529 Thread 0x00000223861d7230 Exception <a 'java/lang/NullPointerException'{0x00000000eb90a9e0}> (0x00000000eb90a9e0) 
thrown [s\src\hotspot\share\interpreter\linkResolver.cpp, line 1350]
Event: 3789.530 Thread 0x00000223861d7230 Exception <a 'java/lang/NullPointerException'{0x00000000eb9140c8}> (0x00000000eb9140c8) 
thrown [s\src\hotspot\share\interpreter\linkResolver.cpp, line 1350]
Event: 3789.538 Thread 0x00000223861d7230 Exception <a 'java/lang/NullPointerException'{0x00000000eb994370}> (0x00000000eb994370) 
thrown [s\src\hotspot\share\interpreter\linkResolver.cpp, line 1350]
Event: 3789.545 Thread 0x00000223861d7230 Exception <a 'java/lang/NullPointerException'{0x00000000eba18468}> (0x00000000eba18468) 
thrown [s\src\hotspot\share\interpreter\linkResolver.cpp, line 1350]
Event: 3789.603 Thread 0x00000223861d98b0 Exception <a 'java/lang/NullPointerException'{0x00000000ebaf7058}> (0x00000000ebaf7058) 
thrown [s\src\hotspot\share\interpreter\linkResolver.cpp, line 1350]
Event: 3789.628 Thread 0x00000223861d33a0 Exception <a 'java/lang/NullPointerException'{0x00000000ebb94e80}> (0x00000000ebb94e80) 
thrown [s\src\hotspot\share\interpreter\linkResolver.cpp, line 1350]
Event: 3789.686 Thread 0x00000223861d7230 Exception <a 'java/lang/NullPointerException'{0x00000000ebd54ac8}> (0x00000000ebd54ac8) 
thrown [s\src\hotspot\share\interpreter\linkResolver.cpp, line 1350]
Event: 3789.765 Thread 0x00000223861d7230 Exception <a 'java/lang/NullPointerException'{0x00000000ebec1c80}> (0x00000000ebec1c80) 
thrown [s\src\hotspot\share\interpreter\linkResolver.cpp, line 1350]

VM Operations (20 events):
Event: 3751.389 Executing VM operation: HandshakeAllThreads
Event: 3751.389 Executing VM operation: HandshakeAllThreads done
Event: 3751.389 Executing VM operation: Cleanup
Event: 3751.389 Executing VM operation: Cleanup done
Event: 3751.467 Executing VM operation: ParallelGCFailedAllocation
Event: 3751.472 Executing VM operation: ParallelGCFailedAllocation done
Event: 3752.475 Executing VM operation: Cleanup
Event: 3752.475 Executing VM operation: Cleanup done
Event: 3782.741 Executing VM operation: Cleanup
Event: 3782.757 Executing VM operation: Cleanup done
Event: 3783.767 Executing VM operation: Cleanup
Event: 3783.767 Executing VM operation: Cleanup done
Event: 3784.768 Executing VM operation: Cleanup
Event: 3784.768 Executing VM operation: Cleanup done
Event: 3786.783 Executing VM operation: Cleanup
Event: 3786.783 Executing VM operation: Cleanup done
Event: 3787.784 Executing VM operation: Cleanup
Event: 3787.784 Executing VM operation: Cleanup done
Event: 3789.787 Executing VM operation: Cleanup
Event: 3789.788 Executing VM operation: Cleanup done

Events (20 events):
Event: 3751.392 Thread 0x00000223ffc17540 flushing nmethod 0x00000223ef1b3390
Event: 3751.392 Thread 0x00000223ffc17540 flushing nmethod 0x00000223ef1b3910
Event: 3751.396 Thread 0x00000223ffc17540 flushing nmethod 0x00000223ef4dfb10
Event: 3751.396 Thread 0x00000223ffc17540 flushing nmethod 0x00000223ef523c10
Event: 3751.401 Thread 0x00000223ffc17540 flushing nmethod 0x00000223efbdb390
Event: 3751.405 Thread 0x00000223ffc17540 flushing nmethod 0x00000223f0002790
Event: 3751.430 Thread 0x0000022385ba50c0 Thread added: 0x0000022385ba50c0
Event: 3751.448 Thread 0x00000223861d2530 Thread exited: 0x00000223861d2530
Event: 3751.789 Thread 0x0000022385ba50c0 Thread exited: 0x0000022385ba50c0
Event: 3782.638 Thread 0x0000022385ba6500 Thread added: 0x0000022385ba6500
Event: 3782.702 Thread 0x00000223861d3d40 Thread added: 0x00000223861d3d40
Event: 3782.785 Thread 0x00000223861d3d40 Thread exited: 0x00000223861d3d40
Event: 3782.804 Thread 0x00000223861d98b0 Thread added: 0x00000223861d98b0
Event: 3783.066 Thread 0x0000022385ba6500 Thread exited: 0x0000022385ba6500
Event: 3783.803 Thread 0x00000223861d3d40 Thread added: 0x00000223861d3d40
Event: 3786.598 Thread 0x00000223861d2060 Thread added: 0x00000223861d2060
Event: 3786.613 Thread 0x00000223861d2060 Thread exited: 0x00000223861d2060
Event: 3789.615 Thread 0x00000223861d33a0 Thread added: 0x00000223861d33a0
Event: 3789.645 Thread 0x00000223861d33a0 Thread exited: 0x00000223861d33a0
Event: 3789.685 Thread 0x0000022385ba5ae0 Thread added: 0x0000022385ba5ae0


Dynamic libraries:
0x00007ff6921c0000 - 0x00007ff6921ce000 	c:\Users\hp\.vscode\extensions\redhat.java-1.15.0-win32-x64\jre\17.0.6-win32-x86_64\bin\java.exe
0x00007ffc0c550000 - 0x00007ffc0c748000 	C:\WINDOWS\SYSTEM32\ntdll.dll
0x00007ffc0bc90000 - 0x00007ffc0bd4f000 	C:\WINDOWS\System32\KERNEL32.DLL
0x00007ffc09dd0000 - 0x00007ffc0a0a2000 	C:\WINDOWS\System32\KERNELBASE.dll
0x00007ffc0a150000 - 0x00007ffc0a250000 	C:\WINDOWS\System32\ucrtbase.dll
0x00007ffbcc2b0000 - 0x00007ffbcc2c7000 	c:\Users\hp\.vscode\extensions\redhat.java-1.15.0-win32-x64\jre\17.0.6-win32-x86_64\bin\jli.dll
0x00007ffc0a590000 - 0x00007ffc0a731000 	C:\WINDOWS\System32\USER32.dll
0x00007ffc0a410000 - 0x00007ffc0a432000 	C:\WINDOWS\System32\win32u.dll
0x00007ffc0a7d0000 - 0x00007ffc0a7fb000 	C:\WINDOWS\System32\GDI32.dll
0x00007ffc0a250000 - 0x00007ffc0a35f000 	C:\WINDOWS\System32\gdi32full.dll
0x00007ffc0a0b0000 - 0x00007ffc0a14d000 	C:\WINDOWS\System32\msvcp_win.dll
0x00007ffbcc080000 - 0x00007ffbcc099000 	c:\Users\hp\.vscode\extensions\redhat.java-1.15.0-win32-x64\jre\17.0.6-win32-x86_64\bin\VCRUNTIME140.dll
0x00007ffbed080000 - 0x00007ffbed31a000 	C:\WINDOWS\WinSxS\amd64_microsoft.windows.common-controls_6595b64144ccf1df_6.0.19041.1110_none_60b5254171f9507e\COMCTL32.dll
0x00007ffc0b480000 - 0x00007ffc0b51e000 	C:\WINDOWS\System32\msvcrt.dll
0x00007ffc0b440000 - 0x00007ffc0b472000 	C:\WINDOWS\System32\IMM32.DLL
0x00007ffbe3820000 - 0x00007ffbe382c000 	c:\Users\hp\.vscode\extensions\redhat.java-1.15.0-win32-x64\jre\17.0.6-win32-x86_64\bin\vcruntime140_1.dll
0x00007ffbcbfc0000 - 0x00007ffbcc051000 	c:\Users\hp\.vscode\extensions\redhat.java-1.15.0-win32-x64\jre\17.0.6-win32-x86_64\bin\msvcp140.dll
0x00007ffb9aff0000 - 0x00007ffb9bc37000 	c:\Users\hp\.vscode\extensions\redhat.java-1.15.0-win32-x64\jre\17.0.6-win32-x86_64\bin\server\jvm.dll
0x00007ffc0b800000 - 0x00007ffc0b8ae000 	C:\WINDOWS\System32\ADVAPI32.dll
0x00007ffc0be10000 - 0x00007ffc0beac000 	C:\WINDOWS\System32\sechost.dll
0x00007ffc0bf70000 - 0x00007ffc0c095000 	C:\WINDOWS\System32\RPCRT4.dll
0x00007ffc01180000 - 0x00007ffc01189000 	C:\WINDOWS\SYSTEM32\WSOCK32.dll
0x00007ffc0b3b0000 - 0x00007ffc0b41b000 	C:\WINDOWS\System32\WS2_32.dll
0x00007ffbf38c0000 - 0x00007ffbf38e7000 	C:\WINDOWS\SYSTEM32\WINMM.dll
0x00007ffc00580000 - 0x00007ffc0058a000 	C:\WINDOWS\SYSTEM32\VERSION.dll
0x00007ffc08490000 - 0x00007ffc084a2000 	C:\WINDOWS\SYSTEM32\kernel.appcore.dll
0x00007ffbd4760000 - 0x00007ffbd476a000 	c:\Users\hp\.vscode\extensions\redhat.java-1.15.0-win32-x64\jre\17.0.6-win32-x86_64\bin\jimage.dll
0x00007ffc08270000 - 0x00007ffc08454000 	C:\WINDOWS\SYSTEM32\DBGHELP.DLL
0x00007ffbf1740000 - 0x00007ffbf1775000 	C:\WINDOWS\SYSTEM32\dbgcore.DLL
0x00007ffc0a490000 - 0x00007ffc0a512000 	C:\WINDOWS\System32\bcryptPrimitives.dll
0x00007ffbce4b0000 - 0x00007ffbce4be000 	c:\Users\hp\.vscode\extensions\redhat.java-1.15.0-win32-x64\jre\17.0.6-win32-x86_64\bin\instrument.dll
0x00007ffbcc280000 - 0x00007ffbcc2a5000 	c:\Users\hp\.vscode\extensions\redhat.java-1.15.0-win32-x64\jre\17.0.6-win32-x86_64\bin\java.dll
0x00007ffbcc260000 - 0x00007ffbcc278000 	c:\Users\hp\.vscode\extensions\redhat.java-1.15.0-win32-x64\jre\17.0.6-win32-x86_64\bin\zip.dll
0x00007ffc0ab80000 - 0x00007ffc0b2c5000 	C:\WINDOWS\System32\SHELL32.dll
0x00007ffc07ad0000 - 0x00007ffc08262000 	C:\WINDOWS\SYSTEM32\windows.storage.dll
0x00007ffc0b8d0000 - 0x00007ffc0bc25000 	C:\WINDOWS\System32\combase.dll
0x00007ffc09630000 - 0x00007ffc09660000 	C:\WINDOWS\SYSTEM32\Wldp.dll
0x00007ffc0a860000 - 0x00007ffc0a90d000 	C:\WINDOWS\System32\SHCORE.dll
0x00007ffc0bc30000 - 0x00007ffc0bc85000 	C:\WINDOWS\System32\shlwapi.dll
0x00007ffc09b80000 - 0x00007ffc09b9f000 	C:\WINDOWS\SYSTEM32\profapi.dll
0x00007ffbcc240000 - 0x00007ffbcc259000 	C:\Users\hp\.vscode\extensions\redhat.java-1.15.0-win32-x64\jre\17.0.6-win32-x86_64\bin\net.dll
0x00007ffbfbab0000 - 0x00007ffbfbbbc000 	C:\WINDOWS\SYSTEM32\WINHTTP.dll
0x00007ffc09320000 - 0x00007ffc0938a000 	C:\WINDOWS\system32\mswsock.dll
0x00007ffbcc220000 - 0x00007ffbcc235000 	C:\Users\hp\.vscode\extensions\redhat.java-1.15.0-win32-x64\jre\17.0.6-win32-x86_64\bin\nio.dll
0x00007ffbcc0b0000 - 0x00007ffbcc0c0000 	c:\Users\hp\.vscode\extensions\redhat.java-1.15.0-win32-x64\jre\17.0.6-win32-x86_64\bin\verify.dll
0x00007ffbd37c0000 - 0x00007ffbd37fe000 	C:\Users\hp\AppData\Roaming\Code\User\globalStorage\redhat.java\1.15.0\config_win\org.eclipse.equinox.launcher\org.eclipse.equinox.launcher.win32.win32.x86_64_1.2.700.v20221108-1024\eclipse_11801.dll
0x00007ffc0b520000 - 0x00007ffc0b64a000 	C:\WINDOWS\System32\ole32.dll
0x00007ffc09510000 - 0x00007ffc09528000 	C:\WINDOWS\SYSTEM32\CRYPTSP.dll
0x00007ffc08c40000 - 0x00007ffc08c74000 	C:\WINDOWS\system32\rsaenh.dll
0x00007ffc09c40000 - 0x00007ffc09c67000 	C:\WINDOWS\System32\bcrypt.dll
0x00007ffc09b40000 - 0x00007ffc09b6e000 	C:\WINDOWS\SYSTEM32\USERENV.dll
0x00007ffc09530000 - 0x00007ffc0953c000 	C:\WINDOWS\SYSTEM32\CRYPTBASE.dll
0x00007ffc09010000 - 0x00007ffc0904b000 	C:\WINDOWS\SYSTEM32\IPHLPAPI.DLL
0x00007ffc0beb0000 - 0x00007ffc0beb8000 	C:\WINDOWS\System32\NSI.dll
0x00007ffbfea50000 - 0x00007ffbfea67000 	C:\WINDOWS\SYSTEM32\dhcpcsvc6.DLL
0x00007ffbfe5b0000 - 0x00007ffbfe5cd000 	C:\WINDOWS\SYSTEM32\dhcpcsvc.DLL
0x00007ffc09050000 - 0x00007ffc0911b000 	C:\WINDOWS\SYSTEM32\DNSAPI.dll
0x00007ffbe1990000 - 0x00007ffbe19d5000 	C:\Users\hp\AppData\Local\Temp\jna-3336\jna12413917162646497810.dll
0x00007ffc0b420000 - 0x00007ffc0b428000 	C:\WINDOWS\System32\PSAPI.DLL
0x00007ffbfeaf0000 - 0x00007ffbfeafe000 	C:\Users\hp\.vscode\extensions\redhat.java-1.15.0-win32-x64\jre\17.0.6-win32-x86_64\bin\sunmscapi.dll
0x00007ffc09c70000 - 0x00007ffc09dc6000 	C:\WINDOWS\System32\CRYPT32.dll
0x00007ffc096a0000 - 0x00007ffc096c7000 	C:\WINDOWS\SYSTEM32\ncrypt.dll
0x00007ffc09660000 - 0x00007ffc0969b000 	C:\WINDOWS\SYSTEM32\NTASN1.dll

dbghelp: loaded successfully - version: 4.0.5 - missing functions: none
symbol engine: initialized successfully - sym options: 0x614 - pdb path: .;c:\Users\hp\.vscode\extensions\redhat.java-1.15.0-win32-x64\jre\17.0.6-win32-x86_64\bin;C:\WINDOWS\SYSTEM32;C:\WINDOWS\WinSxS\amd64_microsoft.windows.common-controls_6595b64144ccf1df_6.0.19041.1110_none_60b5254171f9507e;c:\Users\hp\.vscode\extensions\redhat.java-1.15.0-win32-x64\jre\17.0.6-win32-x86_64\bin\server;C:\Users\hp\AppData\Roaming\Code\User\globalStorage\redhat.java\1.15.0\config_win\org.eclipse.equinox.launcher\org.eclipse.equinox.launcher.win32.win32.x86_64_1.2.700.v20221108-1024;C:\Users\hp\AppData\Local\Temp\jna-3336

VM Arguments:
jvm_args: --add-modules=ALL-SYSTEM --add-opens=java.base/java.util=ALL-UNNAMED --add-opens=java.base/java.lang=ALL-UNNAMED --add-opens=java.base/sun.nio.fs=ALL-UNNAMED -Declipse.application=org.eclipse.jdt.ls.core.id1 -Dosgi.bundles.defaultStartLevel=4 -Declipse.product=org.eclipse.jdt.ls.core.product -Djava.import.generatesMetadataFilesAtProjectRoot=false -Dfile.encoding=utf8 -XX:+UseParallelGC -XX:GCTimeRatio=4 -XX:AdaptiveSizePolicyWeight=90 -Dsun.zip.disableMemoryMapping=true -Xmx1G -Xms100m -Xlog:disable -javaagent:c:\Users\hp\.vscode\extensions\redhat.java-1.15.0-win32-x64\lombok\lombok-1.18.24.jar -XX:+HeapDumpOnOutOfMemoryError -XX:HeapDumpPath=c:\Users\hp\AppData\Roaming\Code\User\workspaceStorage\c542dc967355575dcf38e6bee511a6e8\redhat.java 
java_command: c:\Users\hp\.vscode\extensions\redhat.java-1.15.0-win32-x64\server\plugins\org.eclipse.equinox.launcher_1.6.400.v20210924-0641.jar -configuration c:\Users\hp\AppData\Roaming\Code\User\globalStorage\redhat.java\1.15.0\config_win -data c:\Users\hp\AppData\Roaming\Code\User\workspaceStorage\c542dc967355575dcf38e6bee511a6e8\redhat.java\jdt_ws
java_class_path (initial): c:\Users\hp\.vscode\extensions\redhat.java-1.15.0-win32-x64\server\plugins\org.eclipse.equinox.launcher_1.6.400.v20210924-0641.jar
Launcher Type: SUN_STANDARD

[Global flags]
    uintx AdaptiveSizePolicyWeight                 = 90                                        {product} {command line}
     intx CICompilerCount                          = 3                                         {product} {ergonomic}
    uintx GCTimeRatio                              = 4                                         {product} {command line}
     bool HeapDumpOnOutOfMemoryError               = true                                   {manageable} {command line}
    ccstr HeapDumpPath                             = c:\Users\hp\AppData\Roaming\Code\User\workspaceStorage\c542dc967355575dcf38e6bee511a6e8\redhat.java         {manageable} {command line}
   size_t InitialHeapSize                          = 104857600                                 {product} {command line}
   size_t MaxHeapSize                              = 1073741824                                {product} {command line}
   size_t MaxNewSize                               = 357564416                                 {product} {ergonomic}
   size_t MinHeapDeltaBytes                        = 524288                                    {product} {ergonomic}
   size_t MinHeapSize                              = 104857600                                 {product} {command line}
   size_t NewSize                                  = 34603008                                  {product} {ergonomic}
    uintx NonNMethodCodeHeapSize                   = 5832780                                {pd product} {ergonomic}
    uintx NonProfiledCodeHeapSize                  = 122912730                              {pd product} {ergonomic}
   size_t OldSize                                  = 70254592                                  {product} {ergonomic}
    uintx ProfiledCodeHeapSize                     = 122912730                              {pd product} {ergonomic}
    uintx ReservedCodeCacheSize                    = 251658240                              {pd product} {ergonomic}
     bool SegmentedCodeCache                       = true                                      {product} {ergonomic}
   size_t SoftMaxHeapSize                          = 1073741824                             {manageable} {ergonomic}
     bool UseCompressedClassPointers               = true                           {product lp64_product} {ergonomic}
     bool UseCompressedOops                        = true                           {product lp64_product} {ergonomic}
     bool UseLargePagesIndividualAllocation        = false                                  {pd product} {ergonomic}
     bool UseParallelGC                            = true                                      {product} {command line}

Logging:
Log output configuration:
 #0: stdout all=off uptime,level,tags
 #1: stderr all=off uptime,level,tags

Environment Variables:
JAVA_HOME=C:\Program Files\Java\jdk1.8.0_202
PATH=D:\Oracle\bin;C:\Program Files\Git\bin;C:\Program Files\Git\cmd;C:\Program Files\Java\jdk-17\bin;C:\Program Files\nodejs;C:\Users\hp\AppData\Roaming\npm;C:\Program Files\MySQL\MySQL Shell 8.0\bin\;C:\Users\hp\AppData\Local\Programs\Python\Python39\Scripts\;C:\Users\hp\AppData\Local\Programs\Python\Python39\;C:\Users\hp\AppData\Local\Microsoft\WindowsApps;C:\Program Files\JetBrains\IntelliJ IDEA 2021.2.3\bin;;C:\Program Files\JetBrains\IntelliJ IDEA Community Edition 2021.3.1\bin;;C:\Program Files\flutter\bin;C:\Users\hp\AppData\Local\Packages\PythonSoftwareFoundation.Python.3.9_qbz5n2kfra8p0\LocalCache\local-packages\Python39\Scripts;C:\Users\hp\AppData\Local\Programs\Python\Python310\Scripts;C:\Users\hp\Documents\PFE;C:\Users\hp\AppData\Local\Microsoft\WindowsApps\PythonSoftwareFoundation.Python.3.10_qbz5n2kfra8p0;C:\Users\hp\AppData\Local\Programs\Python\Python310\Scripts;C:\Users\hp\AppData\Local\Programs\Microsoft VS Code\bin;C:\Users\hp\AppData\Roaming\npm;C:\Program Files\sqlcl\bin;
USERNAME=hp
OS=Windows_NT
PROCESSOR_IDENTIFIER=Intel64 Family 6 Model 78 Stepping 3, GenuineIntel
TMP=C:\Users\hp\AppData\Local\Temp
TEMP=C:\Users\hp\AppData\Local\Temp



---------------  S Y S T E M  ---------------

OS:
 Windows 10 , 64 bit Build 19041 (10.0.19041.2546)
OS uptime: 0 days 1:08 hours

CPU: total 4 (initial active 4) (2 cores per cpu, 2 threads per core) family 6 model 78 stepping 3 microcode 0xcc, cx8, cmov, fxsr, ht, mmx, 3dnowpref, sse, sse2, sse3, ssse3, sse4.1, sse4.2, popcnt, lzcnt, tsc, tscinvbit, avx, avx2, aes, erms, clmul, bmi1, bmi2, rtm, adx, fma, vzeroupper, clflush, clflushopt

Memory: 4k page, system-wide physical 8072M (1180M free)
TotalPageFile size 23072M (AvailPageFile size 4M)
current process WorkingSet (physical memory assigned to process): 276M, peak: 310M
current process commit charge ("private bytes"): 351M, peak: 383M

vm_info: OpenJDK 64-Bit Server VM (17.0.6+10) for windows-amd64 JRE (17.0.6+10), built on Jan 18 2023 10:08:59 by "temurin" with MS VC++ 16.7 (VS2019)

END.
